16:48:05 INFO  : Launching XSCT server: xsct.bat -n  -interactive C:\Users\pala8831\Documents\fpga_multiplexing\hello_world_project\temp_xsdb_launch_script.tcl
16:48:05 INFO  : Registering command handlers for Vitis TCF services
16:48:08 INFO  : XSCT server has started successfully.
16:48:09 INFO  : Platform repository initialization has completed.
16:48:09 INFO  : plnx-install-location is set to ''
16:48:09 INFO  : Successfully done setting XSCT server connection channel  
16:48:09 INFO  : Successfully done query RDI_DATADIR 
16:48:09 INFO  : Successfully done setting workspace for the tool. 
16:52:26 INFO  : Result from executing command 'getProjects': hello_world_platform
16:52:26 INFO  : Result from executing command 'getPlatforms': 
16:53:31 ERROR : (XSDB Server)rm: cannot lstat `*.o': Invalid argument

16:53:31 ERROR : (XSDB Server)make: *** [Makefile:42: clean] Error 1

16:59:58 INFO  : Connected to target on host '127.0.0.1' and port '3121'.
17:00:16 INFO  : ----------------XSDB Script----------------
connect -url tcp:127.0.0.1:3121
----------------End of Script----------------

17:00:16 ERROR : Could not find ARM device on the board for connection 'Local'.
Check if the target is in:
1. Split JTAG - No operations are possible with ARM DAP.
2. Non JTAG bootmode - Bootrom may need time to enable DAP.
Please try again.


Troubleshooting hints:
1. Check whether board is connected to system properly.
2. In case of zynq board, check whether Digilent/Xilinx cable switch settings are correct.
3. If you are using Xilinx Platform Cable USB, ensure that status LED is green.
17:03:33 INFO  : Connected to target on host '127.0.0.1' and port '3121'.
17:03:52 INFO  : ----------------XSDB Script----------------
connect -url tcp:127.0.0.1:3121
----------------End of Script----------------

17:03:52 ERROR : Could not find ARM device on the board for connection 'Local'.
Check if the target is in:
1. Split JTAG - No operations are possible with ARM DAP.
2. Non JTAG bootmode - Bootrom may need time to enable DAP.
Please try again.


Troubleshooting hints:
1. Check whether board is connected to system properly.
2. In case of zynq board, check whether Digilent/Xilinx cable switch settings are correct.
3. If you are using Xilinx Platform Cable USB, ensure that status LED is green.
17:11:28 INFO  : Connected to target on host '127.0.0.1' and port '3121'.
17:11:47 INFO  : ----------------XSDB Script----------------
connect -url tcp:127.0.0.1:3121
----------------End of Script----------------

17:11:47 ERROR : Could not find ARM device on the board for connection 'Local'.
Check if the target is in:
1. Split JTAG - No operations are possible with ARM DAP.
2. Non JTAG bootmode - Bootrom may need time to enable DAP.
Please try again.


Troubleshooting hints:
1. Check whether board is connected to system properly.
2. In case of zynq board, check whether Digilent/Xilinx cable switch settings are correct.
3. If you are using Xilinx Platform Cable USB, ensure that status LED is green.
17:31:51 INFO  : Result from executing command 'getProjects': hello_world_platform
17:31:51 INFO  : Result from executing command 'getPlatforms': 
17:33:11 INFO  : Result from executing command 'getProjects': hello_world_platform
17:33:11 INFO  : Result from executing command 'getPlatforms': hello_world_platform|C:/Users/pala8831/Documents/fpga_multiplexing/hello_world_project/hello_world_platform/export/hello_world_platform/hello_world_platform.xpfm
17:34:58 INFO  : Result from executing command 'getProjects': design_1_wrapper
17:34:58 INFO  : Result from executing command 'getPlatforms': 
17:34:58 ERROR : Unexpected exception occurred while writing platform project 'hello_world_platform' log.
17:34:59 INFO  : Platform 'design_1_wrapper' is added to custom repositories.
17:35:09 INFO  : Platform 'design_1_wrapper' is added to custom repositories.
17:36:27 INFO  : Result from executing command 'getProjects': design_1_wrapper
17:36:27 INFO  : Result from executing command 'getPlatforms': design_1_wrapper|C:/Users/pala8831/Documents/fpga_multiplexing/hello_world_project/design_1_wrapper/export/design_1_wrapper/design_1_wrapper.xpfm
17:36:46 INFO  : Checking for BSP changes to sync application flags for project 'hello_world'...
17:37:37 INFO  : Connected to target on host '127.0.0.1' and port '3121'.
17:38:07 INFO  : Connected to target on host '127.0.0.1' and port '3121'.
17:38:25 INFO  : ----------------XSDB Script----------------
connect -url tcp:127.0.0.1:3121
----------------End of Script----------------

17:38:25 ERROR : Could not find ARM device on the board for connection 'Local'.
Check if the target is in:
1. Split JTAG - No operations are possible with ARM DAP.
2. Non JTAG bootmode - Bootrom may need time to enable DAP.
Please try again.


Troubleshooting hints:
1. Check whether board is connected to system properly.
2. In case of zynq board, check whether Digilent/Xilinx cable switch settings are correct.
3. If you are using Xilinx Platform Cable USB, ensure that status LED is green.
